SF:lib/app/core/http/custom_http.dart
DA:15,0
DA:16,0
DA:17,0
DA:18,0
DA:21,0
DA:23,0
DA:26,0
DA:28,0
DA:31,0
DA:33,0
DA:36,0
DA:38,0
LF:12
LH:0
end_of_record
SF:lib/app/core/http/http_interceptor.dart
DA:6,0
DA:8,0
DA:9,0
DA:12,0
DA:14,0
DA:15,0
DA:18,0
DA:20,0
DA:21,0
LF:9
LH:0
end_of_record
SF:lib/app/core/errors/failure.dart
DA:6,5
DA:7,0
DA:8,0
DA:12,5
DA:14,0
DA:15,0
LF:6
LH:2
end_of_record
SF:lib/app/modules/auth/sign_up/data/models/signup_model.dart
DA:4,4
DA:12,1
DA:13,1
DA:14,1
DA:15,1
DA:16,1
DA:17,1
DA:18,1
DA:22,2
DA:23,2
DA:24,2
DA:25,2
DA:26,2
DA:27,2
DA:28,2
DA:32,1
DA:33,1
DA:34,1
DA:35,1
DA:36,1
DA:37,1
DA:38,1
LF:22
LH:22
end_of_record
SF:lib/app/modules/auth/sign_up/external/datasource/sign_up_datasource_impl.dart
DA:10,1
DA:11,1
DA:14,2
DA:16,1
DA:18,2
DA:19,1
DA:20,4
DA:22,0
LF:8
LH:7
end_of_record
SF:lib/app/modules/auth/sign_up/domain/entities/signup.dart
DA:11,6
DA:19,1
DA:27,1
DA:28,0
DA:29,1
DA:30,1
DA:31,1
DA:32,1
DA:36,2
DA:37,2
DA:38,2
DA:39,2
DA:40,2
DA:41,2
DA:42,2
LF:15
LH:14
end_of_record
SF:lib/app/modules/auth/sign_up/data/repository/sign_up_repository_impl.dart
DA:12,1
DA:14,1
DA:17,3
DA:18,1
DA:20,3
LF:5
LH:5
end_of_record
SF:lib/app/modules/auth/sign_up/domain/usecases/sign_up.dart
DA:14,1
DA:16,1
DA:18,2
LF:3
LH:3
end_of_record
SF:lib/app/modules/auth/login/data/models/user_login_model.dart
DA:4,4
DA:13,2
DA:14,2
DA:15,2
DA:16,2
DA:17,2
DA:18,2
DA:19,2
DA:23,2
DA:24,2
DA:25,2
DA:26,2
DA:27,2
DA:28,2
DA:29,2
DA:33,0
DA:41,0
DA:42,0
DA:43,0
DA:44,0
DA:45,0
DA:46,0
DA:47,0
LF:23
LH:15
end_of_record
SF:lib/app/modules/auth/login/external/login_datasource_impl.dart
DA:8,1
DA:9,1
DA:12,2
DA:14,1
DA:16,2
DA:18,0
LF:6
LH:5
end_of_record
SF:lib/app/modules/auth/login/domain/entities/user_login.dart
DA:11,6
DA:20,1
DA:21,6
LF:3
LH:3
end_of_record
SF:lib/app/modules/auth/login/data/repositories/login_repository_impl.dart
DA:10,1
DA:11,1
DA:14,2
DA:15,1
DA:17,3
LF:5
LH:5
end_of_record
SF:lib/app/modules/auth/login/domain/usecases/login_usecase.dart
DA:14,1
DA:15,1
DA:17,2
LF:3
LH:3
end_of_record
